<?xml version="1.0" encoding="UTF-8"?><testsuite errors="0" failures="2" name="Cómo usuario requiero realizar el registro en la página de My Store" skipped="0" tests="2" time="14.68" timestamp="2021-12-20 11:25:48"><testcase name="Restristrar usuario en My Store"><failure message="Expected enabled element was not enabled" type="net.thucydides.core.webdriver.exceptions.ElementShouldBeEnabledException">Expected enabled element was not enabled</failure><system-err>Expected enabled element was not enabled&#13;
co.com.pruebas.evaluacion.interactions.SeleccionarBoton.performAs(SeleccionarBoton.java:13)&#13;
co.com.pruebas.evaluacion.stepdefinitions.RegistroStepDefinition.cuandoElUsuarioSeleccioneElBotonSignin(RegistroStepDefinition.java:37)&#13;
cucumber.runner.Runner.runPickle(Runner.java:80)&#13;
</system-err></testcase></testsuite>