<?xml version="1.0" encoding="UTF-8"?><testsuite errors="0" failures="1" name="Cómo usuario requiero realizar el registro en la página de My Store" skipped="0" tests="2" time="98.89" timestamp="2021-12-20 04:44:33"><testcase name="Restristrar usuario en My Store"><failure message="&#10;Expected: an element that is visible&#10;     but: no matching element found by id: id_gender1" type="java.lang.AssertionError">
Expected: an element that is visible
     but: no matching element found by id: id_gender1</failure><system-err>
Expected: an element that is visible
     but: no matching element found by id: id_gender1&#13;
co.com.pruebas.evaluacion.tasks.IngresarInformacion.performAs(IngresarInformacion.java:28)&#13;
co.com.pruebas.evaluacion.stepdefinitions.RegistroStepDefinition.elUsuarioIngreseLosDatosDeRegistro(RegistroStepDefinition.java:42)&#13;
cucumber.runner.Runner.runPickle(Runner.java:80)&#13;
</system-err></testcase></testsuite>